0 info it worked if it ends with ok
1 verbose cli [ '/usr/local/bin/node', '/usr/local/bin/npm', 'run', 'dev' ]
2 info using npm@3.10.10
3 info using node@v6.10.2
4 verbose run-script [ 'predev', 'dev', 'postdev' ]
5 info lifecycle modular-design-system@1.0.0~predev: modular-design-system@1.0.0
6 silly lifecycle modular-design-system@1.0.0~predev: no script for predev, continuing
7 info lifecycle modular-design-system@1.0.0~dev: modular-design-system@1.0.0
8 verbose lifecycle modular-design-system@1.0.0~dev: unsafe-perm in lifecycle true
9 verbose lifecycle modular-design-system@1.0.0~dev: PATH: /usr/local/lib/node_modules/npm/bin/node-gyp-bin:/Users/department/Projects/modular-design/documentation/node_modules/.bin:/usr/local/lib/node_modules/npm/bin/node-gyp-bin:/Users/department/Projects/modular-design/documentation/node_modules/.bin:/usr/local/bin:/usr/local/sbin:/usr/local/share/npm/bin:~/bin:/usr/local/bin:/usr/bin:/bin:/usr/sbin:/sbin:/Users/department:/Users/department/ResDev/adt-bundle/sdk/platform-tools:/Users/department/ResDev/adt-bundle/sdk/tools:/Users/department/bin:./node_modules/.bin:/Users/department/go/bin
10 verbose lifecycle modular-design-system@1.0.0~dev: CWD: /Users/department/Projects/modular-design/documentation
11 silly lifecycle modular-design-system@1.0.0~dev: Args: [ '-c',
11 silly lifecycle   'live-server public --entry-file=200.html & rollup -c -w & npm run css' ]
12 silly lifecycle modular-design-system@1.0.0~dev: Returned: code: 1  signal: null
13 info lifecycle modular-design-system@1.0.0~dev: Failed to exec dev script
14 verbose stack Error: modular-design-system@1.0.0 dev: `live-server public --entry-file=200.html & rollup -c -w & npm run css`
14 verbose stack Exit status 1
14 verbose stack     at EventEmitter.<anonymous> (/usr/local/lib/node_modules/npm/lib/utils/lifecycle.js:255:16)
14 verbose stack     at emitTwo (events.js:106:13)
14 verbose stack     at EventEmitter.emit (events.js:191:7)
14 verbose stack     at ChildProcess.<anonymous> (/usr/local/lib/node_modules/npm/lib/utils/spawn.js:40:14)
14 verbose stack     at emitTwo (events.js:106:13)
14 verbose stack     at ChildProcess.emit (events.js:191:7)
14 verbose stack     at maybeClose (internal/child_process.js:886:16)
14 verbose stack     at Process.ChildProcess._handle.onexit (internal/child_process.js:226:5)
15 verbose pkgid modular-design-system@1.0.0
16 verbose cwd /Users/department/Projects/modular-design/documentation
17 error Darwin 16.6.0
18 error argv "/usr/local/bin/node" "/usr/local/bin/npm" "run" "dev"
19 error node v6.10.2
20 error npm  v3.10.10
21 error code ELIFECYCLE
22 error modular-design-system@1.0.0 dev: `live-server public --entry-file=200.html & rollup -c -w & npm run css`
22 error Exit status 1
23 error Failed at the modular-design-system@1.0.0 dev script 'live-server public --entry-file=200.html & rollup -c -w & npm run css'.
23 error Make sure you have the latest version of node.js and npm installed.
23 error If you do, this is most likely a problem with the modular-design-system package,
23 error not with npm itself.
23 error Tell the author that this fails on your system:
23 error     live-server public --entry-file=200.html & rollup -c -w & npm run css
23 error You can get information on how to open an issue for this project with:
23 error     npm bugs modular-design-system
23 error Or if that isn't available, you can get their info via:
23 error     npm owner ls modular-design-system
23 error There is likely additional logging output above.
24 verbose exit [ 1, true ]
